2025-04-07 19:11:40.314 [info] Extension host with pid 6195 started
2025-04-07 19:11:40.314 [error] Error: EEXIST: file already exists, open '/home/so/.vscode-server/data/User/workspaceStorage/3a43aa3b98666acf6c335a15f445f526/vscode.lock'
2025-04-07 19:11:40.345 [info] Lock '/home/so/.vscode-server/data/User/workspaceStorage/3a43aa3b98666acf6c335a15f445f526/vscode.lock': Could not acquire lock, checking if the file is stale.
2025-04-07 19:11:40.379 [info] Lock '/home/so/.vscode-server/data/User/workspaceStorage/3a43aa3b98666acf6c335a15f445f526/vscode.lock': The lock does not look stale, elapsed: 385 ms, giving up.
2025-04-07 19:11:40.390 [error] Error: EEXIST: file already exists, open '/home/so/.vscode-server/data/User/workspaceStorage/3a43aa3b98666acf6c335a15f445f526-1/vscode.lock'
2025-04-07 19:11:40.403 [info] Lock '/home/so/.vscode-server/data/User/workspaceStorage/3a43aa3b98666acf6c335a15f445f526-1/vscode.lock': Could not acquire lock, checking if the file is stale.
2025-04-07 19:11:40.405 [info] Lock '/home/so/.vscode-server/data/User/workspaceStorage/3a43aa3b98666acf6c335a15f445f526-1/vscode.lock': The pid 3956 appears to be gone.
2025-04-07 19:11:40.405 [info] Lock '/home/so/.vscode-server/data/User/workspaceStorage/3a43aa3b98666acf6c335a15f445f526-1/vscode.lock': Deleting a stale lock.
2025-04-07 19:11:40.412 [info] Lock '/home/so/.vscode-server/data/User/workspaceStorage/3a43aa3b98666acf6c335a15f445f526-1/vscode.lock': Lock acquired.
2025-04-07 19:11:40.637 [info] ExtensionService#_doActivateExtension vscode.git-base, startup: false, activationEvent: '*', root cause: vscode.git
2025-04-07 19:11:40.801 [info] ExtensionService#_doActivateExtension vscode.git, startup: false, activationEvent: '*'
2025-04-07 19:11:40.802 [info] ExtensionService#_doActivateExtension vscode.github, startup: false, activationEvent: '*'
2025-04-07 19:11:41.282 [info] Eager extensions activated
2025-04-07 19:11:41.282 [info] ExtensionService#_doActivateExtension vscode.debug-auto-launch, startup: false, activationEvent: 'onStartupFinished'
2025-04-07 19:11:41.283 [info] ExtensionService#_doActivateExtension vscode.merge-conflict, startup: false, activationEvent: 'onStartupFinished'
2025-04-07 19:12:03.627 [error] Error: getaddrinfo EAI_AGAIN mobile.events.data.microsoft.com
	at GetAddrInfoReqWrap.onlookupall [as oncomplete] (node:dns:120:26)
2025-04-07 19:12:26.696 [error] Error: getaddrinfo EAI_AGAIN mobile.events.data.microsoft.com
	at GetAddrInfoReqWrap.onlookupall [as oncomplete] (node:dns:120:26)
2025-04-07 19:12:48.317 [info] ExtensionService#_doActivateExtension vscode.emmet, startup: false, activationEvent: 'onLanguage'
2025-04-07 20:07:40.312 [info] Extension host terminating: received terminate message from renderer
2025-04-07 20:07:40.314 [info] Lock '/home/so/.vscode-server/data/User/workspaceStorage/3a43aa3b98666acf6c335a15f445f526-1/vscode.lock': Marking the lockfile as scheduled to be released in 6000 ms.
2025-04-07 20:07:40.582 [info] Extension host with pid 6195 exiting with code 0
