2025-04-10 22:46:29.666 [info] [main] Log level: Info
2025-04-10 22:46:29.666 [info] [main] Validating found git in: "git"
2025-04-10 22:46:29.666 [info] [main] Using git "2.39.5" from "git"
2025-04-10 22:46:29.666 [info] [Model][doInitialScan] Initial repository scan started
2025-04-10 22:46:29.666 [info] > git rev-parse --show-toplevel [6ms]
2025-04-10 22:46:29.667 [info] > git rev-parse --git-dir --git-common-dir [2ms]
2025-04-10 22:46:29.675 [info] [Model][openRepository] Opened repository: /home/so
2025-04-10 22:46:29.681 [info] > git config --get commit.template [2ms]
2025-04-10 22:46:29.681 [info] > git rev-parse --show-toplevel [1ms]
2025-04-10 22:46:29.687 [info] > git rev-parse --show-toplevel [1ms]
2025-04-10 22:46:29.689 [info] > git for-each-ref --format=%(refname)%00%(upstream:short)%00%(objectname)%00%(upstream:track)%00%(upstream:remotename)%00%(upstream:remoteref) refs/heads/master refs/remotes/master [6ms]
2025-04-10 22:46:29.690 [info] > git rev-parse --show-toplevel [1ms]
2025-04-10 22:46:29.698 [info] > git rev-parse --show-toplevel [6ms]
2025-04-10 22:46:29.702 [info] > git for-each-ref --sort -committerdate --format %(refname) %(objectname) %(*objectname) [5ms]
2025-04-10 22:46:29.704 [info] > git rev-parse --show-toplevel [3ms]
2025-04-10 22:46:29.709 [info] [Model][doInitialScan] Initial repository scan completed - repositories (1), closed repositories (0), parent repositories (0), unsafe repositories (0)
2025-04-10 22:46:29.980 [info] > git status -z -uall [286ms]
2025-04-10 22:46:29.991 [info] > git for-each-ref --format=%(refname)%00%(upstream:short)%00%(objectname)%00%(upstream:track)%00%(upstream:remotename)%00%(upstream:remoteref) refs/heads/master refs/remotes/master [4ms]
2025-04-10 22:46:29.994 [info] > git config --get commit.template [4ms]
2025-04-10 22:46:29.995 [info] > git config --local branch.master.vscode-merge-base [2ms]
2025-04-10 22:46:29.995 [warning] [Git][config] git config failed: Failed to execute git
2025-04-10 22:46:30.002 [info] > git for-each-ref --format=%(refname)%00%(upstream:short)%00%(objectname)%00%(upstream:track)%00%(upstream:remotename)%00%(upstream:remoteref) refs/heads/master refs/remotes/master [1ms]
2025-04-10 22:46:30.010 [info] > git reflog master --grep-reflog=branch: Created from *. [11ms]
2025-04-10 22:46:30.013 [info] > git for-each-ref --sort -committerdate --format %(refname) %(objectname) %(*objectname) [5ms]
2025-04-10 22:46:30.014 [info] > git symbolic-ref --short refs/remotes/origin/HEAD [2ms]
2025-04-10 22:46:30.014 [info] fatal: ref refs/remotes/origin/HEAD is not a symbolic ref
2025-04-10 22:46:30.014 [warning] [Repository][getDefaultBranch] Failed to get default branch details: Failed to execute git.
2025-04-10 22:46:30.062 [info] > git merge-base refs/heads/master refs/remotes/origin/master [44ms]
2025-04-10 22:46:30.067 [info] > git diff --name-status -z --diff-filter=ADMR a6e77e5d6bc9a0f277638e5a55c38a47e889f37b...refs/remotes/origin/master [1ms]
2025-04-10 22:46:30.213 [info] > git status -z -uall [208ms]
2025-04-10 22:46:30.277 [info] > git check-ignore -v -z --stdin [29ms]
2025-04-10 22:46:38.131 [info] > git check-ignore -v -z --stdin [21ms]
2025-04-10 22:46:38.554 [info] > git config --get commit.template [3ms]
2025-04-10 22:46:38.555 [info] > git for-each-ref --format=%(refname)%00%(upstream:short)%00%(objectname)%00%(upstream:track)%00%(upstream:remotename)%00%(upstream:remoteref) refs/heads/master refs/remotes/master [1ms]
2025-04-10 22:46:38.563 [info] > git for-each-ref --sort -committerdate --format %(refname) %(objectname) %(*objectname) [2ms]
2025-04-10 22:46:38.740 [info] > git status -z -uall [182ms]
2025-04-10 22:46:42.739 [info] > git show --textconv :.gitignore [13ms]
2025-04-10 22:46:42.742 [info] > git ls-files --stage -- /home/so/.gitignore [13ms]
2025-04-10 22:46:42.745 [info] > git cat-file -s 90a68c747fcfb41b775c804cb2fb2cd40a607e45 [1ms]
2025-04-10 22:46:46.398 [info] > git check-ignore -v -z --stdin [19ms]
2025-04-10 22:46:52.616 [info] > git config --get commit.template [4ms]
2025-04-10 22:46:52.617 [info] > git for-each-ref --format=%(refname)%00%(upstream:short)%00%(objectname)%00%(upstream:track)%00%(upstream:remotename)%00%(upstream:remoteref) refs/heads/master refs/remotes/master [1ms]
2025-04-10 22:46:52.623 [info] > git for-each-ref --sort -committerdate --format %(refname) %(objectname) %(*objectname) [2ms]
2025-04-10 22:46:52.805 [info] > git status -z -uall [187ms]
2025-04-10 22:46:53.132 [info] > git check-ignore -v -z --stdin [15ms]
2025-04-10 22:47:38.369 [info] > git config --get commit.template [3ms]
2025-04-10 22:47:38.370 [info] > git for-each-ref --format=%(refname)%00%(upstream:short)%00%(objectname)%00%(upstream:track)%00%(upstream:remotename)%00%(upstream:remoteref) refs/heads/master refs/remotes/master [1ms]
2025-04-10 22:47:38.379 [info] > git for-each-ref --sort -committerdate --format %(refname) %(objectname) %(*objectname) [2ms]
2025-04-10 22:47:38.475 [info] > git check-ignore -v -z --stdin [11ms]
2025-04-10 22:47:38.552 [info] > git status -z -uall [178ms]
2025-04-10 22:47:43.107 [info] > git show --textconv :kernel/prac2/memory.c [12ms]
2025-04-10 22:47:43.108 [info] > git ls-files --stage -- /home/so/kernel/prac2/memory.c [10ms]
2025-04-10 22:47:55.981 [info] > git config --get commit.template [3ms]
2025-04-10 22:47:55.982 [info] > git for-each-ref --format=%(refname)%00%(upstream:short)%00%(objectname)%00%(upstream:track)%00%(upstream:remotename)%00%(upstream:remoteref) refs/heads/master refs/remotes/master [2ms]
2025-04-10 22:47:55.989 [info] > git for-each-ref --sort -committerdate --format %(refname) %(objectname) %(*objectname) [1ms]
2025-04-10 22:47:56.167 [info] > git status -z -uall [182ms]
2025-04-10 22:48:03.488 [info] > git config --get commit.template [1ms]
2025-04-10 22:48:03.491 [info] > git for-each-ref --format=%(refname)%00%(upstream:short)%00%(objectname)%00%(upstream:track)%00%(upstream:remotename)%00%(upstream:remoteref) refs/heads/master refs/remotes/master [1ms]
2025-04-10 22:48:03.497 [info] > git for-each-ref --sort -committerdate --format %(refname) %(objectname) %(*objectname) [2ms]
2025-04-10 22:48:03.674 [info] > git status -z -uall [181ms]
2025-04-10 22:48:40.448 [info] > git config --get commit.template [2ms]
2025-04-10 22:48:40.449 [info] > git for-each-ref --format=%(refname)%00%(upstream:short)%00%(objectname)%00%(upstream:track)%00%(upstream:remotename)%00%(upstream:remoteref) refs/heads/master refs/remotes/master [1ms]
2025-04-10 22:48:40.457 [info] > git for-each-ref --sort -committerdate --format %(refname) %(objectname) %(*objectname) [3ms]
2025-04-10 22:48:40.643 [info] > git status -z -uall [192ms]
2025-04-10 22:48:56.763 [info] > git config --get commit.template [2ms]
2025-04-10 22:48:56.765 [info] > git for-each-ref --format=%(refname)%00%(upstream:short)%00%(objectname)%00%(upstream:track)%00%(upstream:remotename)%00%(upstream:remoteref) refs/heads/master refs/remotes/master [2ms]
2025-04-10 22:48:56.771 [info] > git for-each-ref --sort -committerdate --format %(refname) %(objectname) %(*objectname) [1ms]
2025-04-10 22:48:56.951 [info] > git status -z -uall [184ms]
2025-04-10 22:49:19.597 [info] > git config --get commit.template [1ms]
2025-04-10 22:49:19.601 [info] > git for-each-ref --format=%(refname)%00%(upstream:short)%00%(objectname)%00%(upstream:track)%00%(upstream:remotename)%00%(upstream:remoteref) refs/heads/master refs/remotes/master [0ms]
2025-04-10 22:49:19.608 [info] > git for-each-ref --sort -committerdate --format %(refname) %(objectname) %(*objectname) [2ms]
2025-04-10 22:49:19.807 [info] > git status -z -uall [204ms]
2025-04-10 22:50:07.285 [info] > git config --get commit.template [3ms]
2025-04-10 22:50:07.286 [info] > git for-each-ref --format=%(refname)%00%(upstream:short)%00%(objectname)%00%(upstream:track)%00%(upstream:remotename)%00%(upstream:remoteref) refs/heads/master refs/remotes/master [2ms]
2025-04-10 22:50:07.293 [info] > git for-each-ref --sort -committerdate --format %(refname) %(objectname) %(*objectname) [2ms]
2025-04-10 22:50:07.470 [info] > git status -z -uall [182ms]
2025-04-10 22:50:40.073 [info] > git config --get commit.template [3ms]
2025-04-10 22:50:40.074 [info] > git for-each-ref --format=%(refname)%00%(upstream:short)%00%(objectname)%00%(upstream:track)%00%(upstream:remotename)%00%(upstream:remoteref) refs/heads/master refs/remotes/master [2ms]
2025-04-10 22:50:40.082 [info] > git for-each-ref --sort -committerdate --format %(refname) %(objectname) %(*objectname) [2ms]
2025-04-10 22:50:40.269 [info] > git status -z -uall [193ms]
2025-04-10 22:50:47.483 [info] > git config --get commit.template [4ms]
2025-04-10 22:50:47.484 [info] > git for-each-ref --format=%(refname)%00%(upstream:short)%00%(objectname)%00%(upstream:track)%00%(upstream:remotename)%00%(upstream:remoteref) refs/heads/master refs/remotes/master [2ms]
2025-04-10 22:50:47.495 [info] > git for-each-ref --sort -committerdate --format %(refname) %(objectname) %(*objectname) [3ms]
2025-04-10 22:50:47.682 [info] > git status -z -uall [195ms]
2025-04-10 22:50:58.379 [info] > git config --get commit.template [5ms]
2025-04-10 22:50:58.380 [info] > git for-each-ref --format=%(refname)%00%(upstream:short)%00%(objectname)%00%(upstream:track)%00%(upstream:remotename)%00%(upstream:remoteref) refs/heads/master refs/remotes/master [3ms]
2025-04-10 22:50:58.389 [info] > git for-each-ref --sort -committerdate --format %(refname) %(objectname) %(*objectname) [3ms]
2025-04-10 22:50:58.576 [info] > git status -z -uall [192ms]
2025-04-10 22:51:23.824 [info] > git config --get commit.template [2ms]
2025-04-10 22:51:23.824 [info] > git for-each-ref --format=%(refname)%00%(upstream:short)%00%(objectname)%00%(upstream:track)%00%(upstream:remotename)%00%(upstream:remoteref) refs/heads/master refs/remotes/master [1ms]
2025-04-10 22:51:23.831 [info] > git for-each-ref --sort -committerdate --format %(refname) %(objectname) %(*objectname) [2ms]
2025-04-10 22:51:24.009 [info] > git status -z -uall [182ms]
2025-04-10 22:51:30.849 [info] > git config --get commit.template [3ms]
2025-04-10 22:51:30.850 [info] > git for-each-ref --format=%(refname)%00%(upstream:short)%00%(objectname)%00%(upstream:track)%00%(upstream:remotename)%00%(upstream:remoteref) refs/heads/master refs/remotes/master [1ms]
2025-04-10 22:51:30.856 [info] > git for-each-ref --sort -committerdate --format %(refname) %(objectname) %(*objectname) [2ms]
2025-04-10 22:51:31.038 [info] > git status -z -uall [186ms]
2025-04-10 22:51:36.441 [info] > git config --get commit.template [2ms]
2025-04-10 22:51:36.442 [info] > git for-each-ref --format=%(refname)%00%(upstream:short)%00%(objectname)%00%(upstream:track)%00%(upstream:remotename)%00%(upstream:remoteref) refs/heads/master refs/remotes/master [1ms]
2025-04-10 22:51:36.448 [info] > git for-each-ref --sort -committerdate --format %(refname) %(objectname) %(*objectname) [2ms]
2025-04-10 22:51:36.622 [info] > git status -z -uall [178ms]
2025-04-10 22:52:10.975 [info] > git config --get commit.template [3ms]
2025-04-10 22:52:10.975 [info] > git for-each-ref --format=%(refname)%00%(upstream:short)%00%(objectname)%00%(upstream:track)%00%(upstream:remotename)%00%(upstream:remoteref) refs/heads/master refs/remotes/master [1ms]
2025-04-10 22:52:10.981 [info] > git for-each-ref --sort -committerdate --format %(refname) %(objectname) %(*objectname) [2ms]
2025-04-10 22:52:11.177 [info] > git status -z -uall [200ms]
2025-04-10 22:52:12.210 [info] > git show --textconv :kernel/prac2/Makefile [14ms]
2025-04-10 22:52:12.210 [info] > git ls-files --stage -- /home/so/kernel/prac2/Makefile [12ms]
2025-04-10 22:52:12.213 [info] > git cat-file -s 36c6fc41de9aa910a26eeea8448daf8dff0834f8 [1ms]
2025-04-10 22:52:25.473 [info] > git check-ignore -v -z --stdin [71ms]
2025-04-10 22:52:27.991 [info] > git check-ignore -v -z --stdin [13ms]
2025-04-10 22:52:28.964 [info] > git config --get commit.template [2ms]
2025-04-10 22:52:28.965 [info] > git for-each-ref --format=%(refname)%00%(upstream:short)%00%(objectname)%00%(upstream:track)%00%(upstream:remotename)%00%(upstream:remoteref) refs/heads/master refs/remotes/master [2ms]
2025-04-10 22:52:28.972 [info] > git for-each-ref --sort -committerdate --format %(refname) %(objectname) %(*objectname) [2ms]
2025-04-10 22:52:29.160 [info] > git status -z -uall [191ms]
2025-04-10 22:52:31.805 [info] > git show --textconv :kernel/Makefile [13ms]
2025-04-10 22:52:31.810 [info] > git ls-files --stage -- /home/so/kernel/Makefile [15ms]
2025-04-10 22:52:31.814 [info] > git cat-file -s db4c863bc838b7e8a27b0ddee32f8a2bc0170923 [1ms]
2025-04-10 22:52:34.176 [info] > git show --textconv :kernel/memory.c [12ms]
2025-04-10 22:52:34.182 [info] > git ls-files --stage -- /home/so/kernel/memory.c [15ms]
2025-04-10 22:52:41.991 [info] > git show --textconv :kernel/prac2/memory.c [11ms]
2025-04-10 22:52:41.994 [info] > git ls-files --stage -- /home/so/kernel/prac2/memory.c [11ms]
2025-04-10 22:52:43.407 [info] > git config --get commit.template [3ms]
2025-04-10 22:52:43.408 [info] > git for-each-ref --format=%(refname)%00%(upstream:short)%00%(objectname)%00%(upstream:track)%00%(upstream:remotename)%00%(upstream:remoteref) refs/heads/master refs/remotes/master [1ms]
2025-04-10 22:52:43.415 [info] > git for-each-ref --sort -committerdate --format %(refname) %(objectname) %(*objectname) [1ms]
2025-04-10 22:52:43.594 [info] > git status -z -uall [184ms]
2025-04-10 22:52:59.812 [info] > git check-ignore -v -z --stdin [12ms]
2025-04-10 22:53:01.328 [info] > git config --get commit.template [3ms]
2025-04-10 22:53:01.330 [info] > git for-each-ref --format=%(refname)%00%(upstream:short)%00%(objectname)%00%(upstream:track)%00%(upstream:remotename)%00%(upstream:remoteref) refs/heads/master refs/remotes/master [1ms]
2025-04-10 22:53:01.344 [info] > git for-each-ref --sort -committerdate --format %(refname) %(objectname) %(*objectname) [2ms]
2025-04-10 22:53:01.563 [info] > git status -z -uall [229ms]
2025-04-10 22:53:03.341 [info] > git show --textconv :kernel/prac2/modydriver/memory.c [11ms]
2025-04-10 22:53:03.344 [info] > git ls-files --stage -- /home/so/kernel/prac2/modydriver/memory.c [11ms]
2025-04-10 22:53:03.789 [info] > git check-ignore -v -z --stdin [12ms]
2025-04-10 22:53:06.573 [info] > git config --get commit.template [3ms]
2025-04-10 22:53:06.574 [info] > git for-each-ref --format=%(refname)%00%(upstream:short)%00%(objectname)%00%(upstream:track)%00%(upstream:remotename)%00%(upstream:remoteref) refs/heads/master refs/remotes/master [1ms]
2025-04-10 22:53:06.581 [info] > git for-each-ref --sort -committerdate --format %(refname) %(objectname) %(*objectname) [2ms]
2025-04-10 22:53:06.766 [info] > git status -z -uall [190ms]
2025-04-10 22:53:11.237 [info] > git show --textconv :kernel/prac2/Makefile [13ms]
2025-04-10 22:53:11.238 [info] > git ls-files --stage -- /home/so/kernel/prac2/Makefile [11ms]
2025-04-10 22:53:11.242 [info] > git cat-file -s 36c6fc41de9aa910a26eeea8448daf8dff0834f8 [1ms]
2025-04-10 22:53:18.534 [info] > git check-ignore -v -z --stdin [9ms]
2025-04-10 22:53:18.740 [info] > git show --textconv :kernel/prac2/modydriver/Makefile [11ms]
2025-04-10 22:53:18.742 [info] > git ls-files --stage -- /home/so/kernel/prac2/modydriver/Makefile [10ms]
2025-04-10 22:53:22.131 [info] > git config --get commit.template [7ms]
2025-04-10 22:53:22.132 [info] > git for-each-ref --format=%(refname)%00%(upstream:short)%00%(objectname)%00%(upstream:track)%00%(upstream:remotename)%00%(upstream:remoteref) refs/heads/master refs/remotes/master [3ms]
2025-04-10 22:53:22.144 [info] > git for-each-ref --sort -committerdate --format %(refname) %(objectname) %(*objectname) [3ms]
2025-04-10 22:53:22.346 [info] > git status -z -uall [210ms]
2025-04-10 22:54:04.798 [info] > git show --textconv :kernel/prac2/modydriver/memory.c [13ms]
2025-04-10 22:54:04.800 [info] > git ls-files --stage -- /home/so/kernel/prac2/modydriver/memory.c [13ms]
2025-04-10 22:54:46.010 [info] > git config --get commit.template [4ms]
2025-04-10 22:54:46.011 [info] > git for-each-ref --format=%(refname)%00%(upstream:short)%00%(objectname)%00%(upstream:track)%00%(upstream:remotename)%00%(upstream:remoteref) refs/heads/master refs/remotes/master [2ms]
2025-04-10 22:54:46.017 [info] > git for-each-ref --sort -committerdate --format %(refname) %(objectname) %(*objectname) [1ms]
2025-04-10 22:54:46.204 [info] > git status -z -uall [190ms]
2025-04-10 22:54:47.087 [info] > git show --textconv :kernel/prac2/Makefile [12ms]
2025-04-10 22:54:47.088 [info] > git ls-files --stage -- /home/so/kernel/prac2/Makefile [10ms]
2025-04-10 22:54:47.091 [info] > git cat-file -s 36c6fc41de9aa910a26eeea8448daf8dff0834f8 [1ms]
2025-04-10 22:54:48.477 [info] > git show --textconv :kernel/prac2/modydriver/Makefile [11ms]
2025-04-10 22:54:48.479 [info] > git ls-files --stage -- /home/so/kernel/prac2/modydriver/Makefile [11ms]
2025-04-10 22:54:51.755 [info] > git config --get commit.template [4ms]
2025-04-10 22:54:51.756 [info] > git for-each-ref --format=%(refname)%00%(upstream:short)%00%(objectname)%00%(upstream:track)%00%(upstream:remotename)%00%(upstream:remoteref) refs/heads/master refs/remotes/master [2ms]
2025-04-10 22:54:51.764 [info] > git for-each-ref --sort -committerdate --format %(refname) %(objectname) %(*objectname) [2ms]
2025-04-10 22:54:51.972 [info] > git status -z -uall [213ms]
2025-04-10 23:01:28.140 [info] > git config --get commit.template [5ms]
2025-04-10 23:01:28.142 [info] > git for-each-ref --format=%(refname)%00%(upstream:short)%00%(objectname)%00%(upstream:track)%00%(upstream:remotename)%00%(upstream:remoteref) refs/heads/master refs/remotes/master [2ms]
2025-04-10 23:01:28.151 [info] > git for-each-ref --sort -committerdate --format %(refname) %(objectname) %(*objectname) [3ms]
2025-04-10 23:01:28.348 [info] > git status -z -uall [203ms]
2025-04-10 23:03:20.130 [info] > git config --get commit.template [4ms]
2025-04-10 23:03:20.131 [info] > git for-each-ref --format=%(refname)%00%(upstream:short)%00%(objectname)%00%(upstream:track)%00%(upstream:remotename)%00%(upstream:remoteref) refs/heads/master refs/remotes/master [2ms]
2025-04-10 23:03:20.138 [info] > git for-each-ref --sort -committerdate --format %(refname) %(objectname) %(*objectname) [2ms]
2025-04-10 23:03:20.333 [info] > git status -z -uall [200ms]
2025-04-10 23:03:25.361 [info] > git config --get commit.template [2ms]
2025-04-10 23:03:25.365 [info] > git for-each-ref --format=%(refname)%00%(upstream:short)%00%(objectname)%00%(upstream:track)%00%(upstream:remotename)%00%(upstream:remoteref) refs/heads/master refs/remotes/master [2ms]
2025-04-10 23:03:25.372 [info] > git for-each-ref --sort -committerdate --format %(refname) %(objectname) %(*objectname) [2ms]
2025-04-10 23:03:25.558 [info] > git status -z -uall [190ms]
2025-04-10 23:04:48.465 [info] > git config --get commit.template [3ms]
2025-04-10 23:04:48.466 [info] > git for-each-ref --format=%(refname)%00%(upstream:short)%00%(objectname)%00%(upstream:track)%00%(upstream:remotename)%00%(upstream:remoteref) refs/heads/master refs/remotes/master [1ms]
2025-04-10 23:04:48.474 [info] > git for-each-ref --sort -committerdate --format %(refname) %(objectname) %(*objectname) [3ms]
2025-04-10 23:04:48.658 [info] > git status -z -uall [190ms]
2025-04-10 23:05:20.949 [info] > git check-ignore -v -z --stdin [37ms]
2025-04-10 23:05:21.466 [info] > git config --get commit.template [2ms]
2025-04-10 23:05:21.467 [info] > git for-each-ref --format=%(refname)%00%(upstream:short)%00%(objectname)%00%(upstream:track)%00%(upstream:remotename)%00%(upstream:remoteref) refs/heads/master refs/remotes/master [1ms]
2025-04-10 23:05:21.476 [info] > git for-each-ref --sort -committerdate --format %(refname) %(objectname) %(*objectname) [3ms]
2025-04-10 23:05:21.663 [info] > git status -z -uall [193ms]
2025-04-10 23:11:16.528 [info] > git config --get commit.template [6ms]
2025-04-10 23:11:16.529 [info] > git for-each-ref --format=%(refname)%00%(upstream:short)%00%(objectname)%00%(upstream:track)%00%(upstream:remotename)%00%(upstream:remoteref) refs/heads/master refs/remotes/master [2ms]
2025-04-10 23:11:16.542 [info] > git for-each-ref --sort -committerdate --format %(refname) %(objectname) %(*objectname) [4ms]
2025-04-10 23:11:16.801 [info] > git status -z -uall [268ms]
2025-04-10 23:11:21.811 [info] > git config --get commit.template [1ms]
2025-04-10 23:11:21.815 [info] > git for-each-ref --format=%(refname)%00%(upstream:short)%00%(objectname)%00%(upstream:track)%00%(upstream:remotename)%00%(upstream:remoteref) refs/heads/master refs/remotes/master [2ms]
2025-04-10 23:11:21.822 [info] > git for-each-ref --sort -committerdate --format %(refname) %(objectname) %(*objectname) [2ms]
2025-04-10 23:11:22.016 [info] > git status -z -uall [199ms]
2025-04-10 23:11:46.933 [info] > git config --get commit.template [3ms]
2025-04-10 23:11:46.934 [info] > git for-each-ref --format=%(refname)%00%(upstream:short)%00%(objectname)%00%(upstream:track)%00%(upstream:remotename)%00%(upstream:remoteref) refs/heads/master refs/remotes/master [2ms]
2025-04-10 23:11:46.941 [info] > git for-each-ref --sort -committerdate --format %(refname) %(objectname) %(*objectname) [2ms]
2025-04-10 23:11:47.134 [info] > git status -z -uall [198ms]
2025-04-10 23:22:34.384 [info] > git config --get commit.template [5ms]
2025-04-10 23:22:34.385 [info] > git for-each-ref --format=%(refname)%00%(upstream:short)%00%(objectname)%00%(upstream:track)%00%(upstream:remotename)%00%(upstream:remoteref) refs/heads/master refs/remotes/master [2ms]
2025-04-10 23:22:34.395 [info] > git for-each-ref --sort -committerdate --format %(refname) %(objectname) %(*objectname) [3ms]
2025-04-10 23:22:34.606 [info] > git status -z -uall [218ms]
2025-04-10 23:22:39.875 [info] > git config --get commit.template [3ms]
2025-04-10 23:22:39.876 [info] > git for-each-ref --format=%(refname)%00%(upstream:short)%00%(objectname)%00%(upstream:track)%00%(upstream:remotename)%00%(upstream:remoteref) refs/heads/master refs/remotes/master [2ms]
2025-04-10 23:22:39.881 [info] > git for-each-ref --sort -committerdate --format %(refname) %(objectname) %(*objectname) [1ms]
2025-04-10 23:22:40.085 [info] > git status -z -uall [206ms]
2025-04-10 23:24:19.519 [info] > git config --get commit.template [3ms]
2025-04-10 23:24:19.521 [info] > git for-each-ref --format=%(refname)%00%(upstream:short)%00%(objectname)%00%(upstream:track)%00%(upstream:remotename)%00%(upstream:remoteref) refs/heads/master refs/remotes/master [2ms]
2025-04-10 23:24:19.530 [info] > git for-each-ref --sort -committerdate --format %(refname) %(objectname) %(*objectname) [4ms]
2025-04-10 23:24:19.738 [info] > git status -z -uall [215ms]
2025-04-10 23:24:25.386 [info] > git config --get commit.template [3ms]
2025-04-10 23:24:25.386 [info] > git for-each-ref --format=%(refname)%00%(upstream:short)%00%(objectname)%00%(upstream:track)%00%(upstream:remotename)%00%(upstream:remoteref) refs/heads/master refs/remotes/master [1ms]
2025-04-10 23:24:25.393 [info] > git for-each-ref --sort -committerdate --format %(refname) %(objectname) %(*objectname) [3ms]
2025-04-10 23:24:25.587 [info] > git status -z -uall [199ms]
2025-04-10 23:25:03.517 [info] > git config --get commit.template [2ms]
2025-04-10 23:25:03.518 [info] > git for-each-ref --format=%(refname)%00%(upstream:short)%00%(objectname)%00%(upstream:track)%00%(upstream:remotename)%00%(upstream:remoteref) refs/heads/master refs/remotes/master [1ms]
2025-04-10 23:25:03.525 [info] > git for-each-ref --sort -committerdate --format %(refname) %(objectname) %(*objectname) [3ms]
2025-04-10 23:25:03.725 [info] > git status -z -uall [205ms]
2025-04-10 23:25:43.176 [info] > git config --get commit.template [2ms]
2025-04-10 23:25:43.177 [info] > git for-each-ref --format=%(refname)%00%(upstream:short)%00%(objectname)%00%(upstream:track)%00%(upstream:remotename)%00%(upstream:remoteref) refs/heads/master refs/remotes/master [1ms]
2025-04-10 23:25:43.183 [info] > git for-each-ref --sort -committerdate --format %(refname) %(objectname) %(*objectname) [2ms]
2025-04-10 23:25:43.377 [info] > git status -z -uall [198ms]
2025-04-10 23:25:49.409 [info] > git config --get commit.template [1ms]
2025-04-10 23:25:49.413 [info] > git for-each-ref --format=%(refname)%00%(upstream:short)%00%(objectname)%00%(upstream:track)%00%(upstream:remotename)%00%(upstream:remoteref) refs/heads/master refs/remotes/master [2ms]
2025-04-10 23:25:49.419 [info] > git for-each-ref --sort -committerdate --format %(refname) %(objectname) %(*objectname) [2ms]
2025-04-10 23:25:49.609 [info] > git status -z -uall [194ms]
2025-04-10 23:25:56.308 [info] > git config --get commit.template [3ms]
2025-04-10 23:25:56.309 [info] > git for-each-ref --format=%(refname)%00%(upstream:short)%00%(objectname)%00%(upstream:track)%00%(upstream:remotename)%00%(upstream:remoteref) refs/heads/master refs/remotes/master [2ms]
2025-04-10 23:25:56.315 [info] > git for-each-ref --sort -committerdate --format %(refname) %(objectname) %(*objectname) [2ms]
2025-04-10 23:25:56.498 [info] > git status -z -uall [187ms]
2025-04-10 23:26:12.108 [info] > git config --get commit.template [1ms]
2025-04-10 23:26:12.112 [info] > git for-each-ref --format=%(refname)%00%(upstream:short)%00%(objectname)%00%(upstream:track)%00%(upstream:remotename)%00%(upstream:remoteref) refs/heads/master refs/remotes/master [2ms]
2025-04-10 23:26:12.120 [info] > git for-each-ref --sort -committerdate --format %(refname) %(objectname) %(*objectname) [3ms]
2025-04-10 23:26:12.323 [info] > git status -z -uall [209ms]
2025-04-10 23:26:22.842 [info] > git config --get commit.template [2ms]
2025-04-10 23:26:22.843 [info] > git for-each-ref --format=%(refname)%00%(upstream:short)%00%(objectname)%00%(upstream:track)%00%(upstream:remotename)%00%(upstream:remoteref) refs/heads/master refs/remotes/master [1ms]
2025-04-10 23:26:22.850 [info] > git for-each-ref --sort -committerdate --format %(refname) %(objectname) %(*objectname) [3ms]
2025-04-10 23:26:23.035 [info] > git status -z -uall [190ms]
2025-04-10 23:26:50.829 [info] > git config --get commit.template [2ms]
2025-04-10 23:26:50.830 [info] > git for-each-ref --format=%(refname)%00%(upstream:short)%00%(objectname)%00%(upstream:track)%00%(upstream:remotename)%00%(upstream:remoteref) refs/heads/master refs/remotes/master [1ms]
2025-04-10 23:26:50.838 [info] > git for-each-ref --sort -committerdate --format %(refname) %(objectname) %(*objectname) [2ms]
2025-04-10 23:26:51.035 [info] > git status -z -uall [203ms]
2025-04-10 23:27:45.242 [info] > git config --get commit.template [3ms]
2025-04-10 23:27:45.243 [info] > git for-each-ref --format=%(refname)%00%(upstream:short)%00%(objectname)%00%(upstream:track)%00%(upstream:remotename)%00%(upstream:remoteref) refs/heads/master refs/remotes/master [2ms]
2025-04-10 23:27:45.249 [info] > git for-each-ref --sort -committerdate --format %(refname) %(objectname) %(*objectname) [2ms]
2025-04-10 23:27:45.438 [info] > git status -z -uall [193ms]
2025-04-10 23:28:26.765 [info] > git config --get commit.template [5ms]
2025-04-10 23:28:26.765 [info] > git for-each-ref --format=%(refname)%00%(upstream:short)%00%(objectname)%00%(upstream:track)%00%(upstream:remotename)%00%(upstream:remoteref) refs/heads/master refs/remotes/master [2ms]
2025-04-10 23:28:26.774 [info] > git for-each-ref --sort -committerdate --format %(refname) %(objectname) %(*objectname) [2ms]
2025-04-10 23:28:26.989 [info] > git status -z -uall [221ms]
2025-04-10 23:31:10.666 [info] > git config --get commit.template [3ms]
2025-04-10 23:31:10.667 [info] > git for-each-ref --format=%(refname)%00%(upstream:short)%00%(objectname)%00%(upstream:track)%00%(upstream:remotename)%00%(upstream:remoteref) refs/heads/master refs/remotes/master [2ms]
2025-04-10 23:31:10.675 [info] > git for-each-ref --sort -committerdate --format %(refname) %(objectname) %(*objectname) [3ms]
2025-04-10 23:31:10.878 [info] > git status -z -uall [208ms]
2025-04-10 23:31:15.949 [info] > git config --get commit.template [3ms]
2025-04-10 23:31:15.950 [info] > git for-each-ref --format=%(refname)%00%(upstream:short)%00%(objectname)%00%(upstream:track)%00%(upstream:remotename)%00%(upstream:remoteref) refs/heads/master refs/remotes/master [1ms]
2025-04-10 23:31:15.957 [info] > git for-each-ref --sort -committerdate --format %(refname) %(objectname) %(*objectname) [2ms]
2025-04-10 23:31:16.153 [info] > git status -z -uall [201ms]
2025-04-10 23:31:39.764 [info] > git config --get commit.template [3ms]
2025-04-10 23:31:39.765 [info] > git for-each-ref --format=%(refname)%00%(upstream:short)%00%(objectname)%00%(upstream:track)%00%(upstream:remotename)%00%(upstream:remoteref) refs/heads/master refs/remotes/master [2ms]
2025-04-10 23:31:39.771 [info] > git for-each-ref --sort -committerdate --format %(refname) %(objectname) %(*objectname) [2ms]
2025-04-10 23:31:39.961 [info] > git status -z -uall [194ms]
2025-04-10 23:31:52.020 [info] > git config --get commit.template [3ms]
2025-04-10 23:31:52.021 [info] > git for-each-ref --format=%(refname)%00%(upstream:short)%00%(objectname)%00%(upstream:track)%00%(upstream:remotename)%00%(upstream:remoteref) refs/heads/master refs/remotes/master [1ms]
2025-04-10 23:31:52.028 [info] > git for-each-ref --sort -committerdate --format %(refname) %(objectname) %(*objectname) [2ms]
2025-04-10 23:31:52.225 [info] > git status -z -uall [202ms]
2025-04-10 23:32:03.627 [info] > git config --get commit.template [3ms]
2025-04-10 23:32:03.627 [info] > git for-each-ref --format=%(refname)%00%(upstream:short)%00%(objectname)%00%(upstream:track)%00%(upstream:remotename)%00%(upstream:remoteref) refs/heads/master refs/remotes/master [1ms]
2025-04-10 23:32:03.633 [info] > git for-each-ref --sort -committerdate --format %(refname) %(objectname) %(*objectname) [2ms]
2025-04-10 23:32:03.822 [info] > git status -z -uall [193ms]
2025-04-10 23:32:19.845 [info] > git config --get commit.template [2ms]
2025-04-10 23:32:19.845 [info] > git for-each-ref --format=%(refname)%00%(upstream:short)%00%(objectname)%00%(upstream:track)%00%(upstream:remotename)%00%(upstream:remoteref) refs/heads/master refs/remotes/master [1ms]
2025-04-10 23:32:19.853 [info] > git for-each-ref --sort -committerdate --format %(refname) %(objectname) %(*objectname) [3ms]
2025-04-10 23:32:20.047 [info] > git status -z -uall [200ms]
2025-04-10 23:32:42.919 [info] > git config --get commit.template [3ms]
2025-04-10 23:32:42.920 [info] > git for-each-ref --format=%(refname)%00%(upstream:short)%00%(objectname)%00%(upstream:track)%00%(upstream:remotename)%00%(upstream:remoteref) refs/heads/master refs/remotes/master [2ms]
2025-04-10 23:32:42.926 [info] > git for-each-ref --sort -committerdate --format %(refname) %(objectname) %(*objectname) [2ms]
2025-04-10 23:32:43.128 [info] > git status -z -uall [206ms]
