2025-04-10 23:34:26.266 [info] [main] Log level: Info
2025-04-10 23:34:26.266 [info] [main] Validating found git in: "git"
2025-04-10 23:34:26.266 [info] [main] Using git "2.39.5" from "git"
2025-04-10 23:34:26.266 [info] [Model][doInitialScan] Initial repository scan started
2025-04-10 23:34:26.266 [info] > git rev-parse --show-toplevel [30ms]
2025-04-10 23:34:26.266 [info] > git rev-parse --git-dir --git-common-dir [1ms]
2025-04-10 23:34:26.266 [info] [Model][openRepository] Opened repository: /home/so
2025-04-10 23:34:26.266 [info] > git config --get commit.template [5ms]
2025-04-10 23:34:26.266 [info] > git rev-parse --show-toplevel [3ms]
2025-04-10 23:34:26.266 [info] > git for-each-ref --format=%(refname)%00%(upstream:short)%00%(objectname)%00%(upstream:track)%00%(upstream:remotename)%00%(upstream:remoteref) refs/heads/master refs/remotes/master [6ms]
2025-04-10 23:34:26.266 [info] > git rev-parse --show-toplevel [3ms]
2025-04-10 23:34:26.277 [info] > git rev-parse --show-toplevel [8ms]
2025-04-10 23:34:26.282 [info] > git for-each-ref --sort -committerdate --format %(refname) %(objectname) %(*objectname) [6ms]
2025-04-10 23:34:26.284 [info] > git rev-parse --show-toplevel [3ms]
2025-04-10 23:34:26.349 [info] > git rev-parse --show-toplevel [54ms]
2025-04-10 23:34:26.360 [info] > git rev-parse --show-toplevel [1ms]
2025-04-10 23:34:26.363 [info] [Model][doInitialScan] Initial repository scan completed - repositories (1), closed repositories (0), parent repositories (0), unsafe repositories (0)
2025-04-10 23:34:26.538 [info] > git status -z -uall [265ms]
2025-04-10 23:34:26.556 [info] > git for-each-ref --format=%(refname)%00%(upstream:short)%00%(objectname)%00%(upstream:track)%00%(upstream:remotename)%00%(upstream:remoteref) refs/heads/master refs/remotes/master [7ms]
2025-04-10 23:34:26.560 [info] > git config --get commit.template [5ms]
2025-04-10 23:34:26.561 [info] > git config --local branch.master.vscode-merge-base [2ms]
2025-04-10 23:34:26.561 [warning] [Git][config] git config failed: Failed to execute git
2025-04-10 23:34:26.567 [info] > git reflog master --grep-reflog=branch: Created from *. [3ms]
2025-04-10 23:34:26.570 [info] > git for-each-ref --format=%(refname)%00%(upstream:short)%00%(objectname)%00%(upstream:track)%00%(upstream:remotename)%00%(upstream:remoteref) refs/heads/master refs/remotes/master [3ms]
2025-04-10 23:34:26.570 [info] > git symbolic-ref --short refs/remotes/origin/HEAD [1ms]
2025-04-10 23:34:26.570 [info] fatal: ref refs/remotes/origin/HEAD is not a symbolic ref
2025-04-10 23:34:26.570 [warning] [Repository][getDefaultBranch] Failed to get default branch details: Failed to execute git.
2025-04-10 23:34:26.595 [info] > git merge-base refs/heads/master refs/remotes/origin/master [20ms]
2025-04-10 23:34:26.600 [info] > git for-each-ref --sort -committerdate --format %(refname) %(objectname) %(*objectname) [5ms]
2025-04-10 23:34:26.601 [info] > git diff --name-status -z --diff-filter=ADMR a6e77e5d6bc9a0f277638e5a55c38a47e889f37b...refs/remotes/origin/master [2ms]
2025-04-10 23:34:26.711 [info] > git show --textconv :kernel/prac2/modydriver/Makefile [13ms]
2025-04-10 23:34:26.717 [info] > git ls-files --stage -- /home/so/kernel/prac2/modydriver/Makefile [12ms]
2025-04-10 23:34:26.856 [info] > git status -z -uall [266ms]
2025-04-10 23:34:26.945 [info] > git check-ignore -v -z --stdin [90ms]
2025-04-10 23:34:33.933 [info] > git config --get commit.template [3ms]
2025-04-10 23:34:33.933 [info] > git for-each-ref --format=%(refname)%00%(upstream:short)%00%(objectname)%00%(upstream:track)%00%(upstream:remotename)%00%(upstream:remoteref) refs/heads/master refs/remotes/master [1ms]
2025-04-10 23:34:33.941 [info] > git for-each-ref --sort -committerdate --format %(refname) %(objectname) %(*objectname) [2ms]
2025-04-10 23:34:34.140 [info] > git status -z -uall [205ms]
2025-04-10 23:34:38.723 [info] > git ls-files --stage -- /home/so/kernel/prac2/modydriver/Makefile [10ms]
2025-04-10 23:34:38.739 [info] > git show --textconv :kernel/prac2/modydriver/Makefile [9ms]
2025-04-10 23:34:39.178 [info] > git config --get commit.template [3ms]
2025-04-10 23:34:39.178 [info] > git for-each-ref --format=%(refname)%00%(upstream:short)%00%(objectname)%00%(upstream:track)%00%(upstream:remotename)%00%(upstream:remoteref) refs/heads/master refs/remotes/master [1ms]
2025-04-10 23:34:39.185 [info] > git for-each-ref --sort -committerdate --format %(refname) %(objectname) %(*objectname) [2ms]
2025-04-10 23:34:39.374 [info] > git status -z -uall [194ms]
